<?xml version="1.0" encoding="UTF-8"?>
<testng-results ignored="0" total="1" passed="1" failed="0" skipped="0">
  <reporter-output>
  </reporter-output>
  <suite started-at="2020-06-21T13:28:11 IST" name="Default suite" finished-at="2020-06-21T13:29:06 IST" duration-ms="54980">
    <groups>
    </groups>
    <test started-at="2020-06-21T13:28:11 IST" name="Default test" finished-at="2020-06-21T13:29:06 IST" duration-ms="54980">
      <class name="pomtests.AmazonProdSearch">
        <test-method signature="prodsearch()[pri:0, instance:pomtests.AmazonProdSearch@f2ff811]" started-at="2020-06-21T13:28:11 IST" name="prodsearch" finished-at="2020-06-21T13:29:06 IST" duration-ms="54896" status="PASS">
          <reporter-output>
          </reporter-output>
        </test-method> <!-- prodsearch -->
      </class> <!-- pomtests.AmazonProdSearch -->
    </test> <!-- Default test -->
  </suite> <!-- Default suite -->
</testng-results>
